2026-02-04 13:25:46 | INFO | Лог обучения: C:\Users\Artem\PycharmProjects\dls-detection\src\ml_module\logs\yolov8n_train_20260204_132546.log
2026-02-04 13:26:48 | INFO | TRAIN START
2026-02-04 13:26:48 | INFO | save_dir: C:\Users\Artem\PycharmProjects\dls-detection\src\ml_module\data\results\yolov8n\train
2026-02-04 13:26:48 | INFO | epochs: 100 | batch: 16 | imgsz: 640
2026-02-04 13:29:16 | INFO | Epoch 1 END | val/box_loss=1.80296 val/cls_loss=1.63929 val/dfl_loss=0.97553 metrics/precision(B)=0.29762 metrics/recall(B)=0.17170 metrics/mAP50(B)=0.12295 metrics/mAP50-95(B)=0.06765 lr={'lr/pg0': np.float64(0.00023732957746478873), 'lr/pg1': np.float64(0.00023732957746478873), 'lr/pg2': np.float64(0.00023732957746478873)}
2026-02-04 13:31:49 | INFO | Epoch 2 END | val/box_loss=1.73021 val/cls_loss=1.41155 val/dfl_loss=0.97179 metrics/precision(B)=0.23477 metrics/recall(B)=0.20725 metrics/mAP50(B)=0.16364 metrics/mAP50-95(B)=0.08987 lr={'lr/pg0': np.float64(0.0004706238146478873), 'lr/pg1': np.float64(0.0004706238146478873), 'lr/pg2': np.float64(0.0004706238146478873)}
2026-02-04 13:34:09 | INFO | Epoch 3 END | val/box_loss=1.68858 val/cls_loss=1.36203 val/dfl_loss=0.95427 metrics/precision(B)=0.25679 metrics/recall(B)=0.22712 metrics/mAP50(B)=0.18567 metrics/mAP50-95(B)=0.10124 lr={'lr/pg0': np.float64(0.0006992056518309858), 'lr/pg1': np.float64(0.0006992056518309858), 'lr/pg2': np.float64(0.0006992056518309858)}
2026-02-04 13:36:26 | INFO | Epoch 4 END | val/box_loss=1.65055 val/cls_loss=1.30891 val/dfl_loss=0.94977 metrics/precision(B)=0.30180 metrics/recall(B)=0.24149 metrics/mAP50(B)=0.20805 metrics/mAP50-95(B)=0.11766 lr={'lr/pg0': np.float64(0.0006927942), 'lr/pg1': np.float64(0.0006927942), 'lr/pg2': np.float64(0.0006927942)}
2026-02-04 13:38:45 | INFO | Epoch 5 END | val/box_loss=1.65693 val/cls_loss=1.32500 val/dfl_loss=0.95089 metrics/precision(B)=0.30719 metrics/recall(B)=0.23491 metrics/mAP50(B)=0.20996 metrics/mAP50-95(B)=0.11453 lr={'lr/pg0': 0.0006857256, 'lr/pg1': 0.0006857256, 'lr/pg2': 0.0006857256}
2026-02-04 13:41:06 | INFO | Epoch 6 END | val/box_loss=1.60339 val/cls_loss=1.22818 val/dfl_loss=0.93909 metrics/precision(B)=0.33078 metrics/recall(B)=0.25681 metrics/mAP50(B)=0.23613 metrics/mAP50-95(B)=0.13293 lr={'lr/pg0': 0.000678657, 'lr/pg1': 0.000678657, 'lr/pg2': 0.000678657}
2026-02-04 13:43:25 | INFO | Epoch 7 END | val/box_loss=1.61418 val/cls_loss=1.24153 val/dfl_loss=0.94106 metrics/precision(B)=0.30971 metrics/recall(B)=0.24933 metrics/mAP50(B)=0.22743 metrics/mAP50-95(B)=0.12732 lr={'lr/pg0': 0.0006715884, 'lr/pg1': 0.0006715884, 'lr/pg2': 0.0006715884}
2026-02-04 13:45:43 | INFO | Epoch 8 END | val/box_loss=1.59539 val/cls_loss=1.24022 val/dfl_loss=0.93813 metrics/precision(B)=0.32262 metrics/recall(B)=0.25567 metrics/mAP50(B)=0.23401 metrics/mAP50-95(B)=0.13011 lr={'lr/pg0': 0.0006645198, 'lr/pg1': 0.0006645198, 'lr/pg2': 0.0006645198}
2026-02-04 13:48:02 | INFO | Epoch 9 END | val/box_loss=1.58300 val/cls_loss=1.21814 val/dfl_loss=0.92962 metrics/precision(B)=0.32801 metrics/recall(B)=0.26866 metrics/mAP50(B)=0.24163 metrics/mAP50-95(B)=0.13504 lr={'lr/pg0': 0.0006574512, 'lr/pg1': 0.0006574512, 'lr/pg2': 0.0006574512}
2026-02-04 13:50:17 | INFO | Epoch 10 END | val/box_loss=1.57653 val/cls_loss=1.18833 val/dfl_loss=0.93175 metrics/precision(B)=0.34850 metrics/recall(B)=0.27037 metrics/mAP50(B)=0.25501 metrics/mAP50-95(B)=0.14066 lr={'lr/pg0': 0.0006503826, 'lr/pg1': 0.0006503826, 'lr/pg2': 0.0006503826}
2026-02-04 13:52:31 | INFO | Epoch 11 END | val/box_loss=1.56294 val/cls_loss=1.16957 val/dfl_loss=0.92533 metrics/precision(B)=0.34254 metrics/recall(B)=0.28214 metrics/mAP50(B)=0.25981 metrics/mAP50-95(B)=0.14325 lr={'lr/pg0': 0.000643314, 'lr/pg1': 0.000643314, 'lr/pg2': 0.000643314}
2026-02-04 13:54:50 | INFO | Epoch 12 END | val/box_loss=1.57171 val/cls_loss=1.18682 val/dfl_loss=0.93388 metrics/precision(B)=0.35643 metrics/recall(B)=0.27894 metrics/mAP50(B)=0.25828 metrics/mAP50-95(B)=0.14330 lr={'lr/pg0': 0.0006362454, 'lr/pg1': 0.0006362454, 'lr/pg2': 0.0006362454}
2026-02-04 13:57:12 | INFO | Epoch 13 END | val/box_loss=1.56759 val/cls_loss=1.17177 val/dfl_loss=0.92839 metrics/precision(B)=0.35370 metrics/recall(B)=0.27903 metrics/mAP50(B)=0.25981 metrics/mAP50-95(B)=0.14543 lr={'lr/pg0': 0.0006291768, 'lr/pg1': 0.0006291768, 'lr/pg2': 0.0006291768}
2026-02-04 14:12:18 | INFO | Epoch 14 END | val/box_loss=1.54507 val/cls_loss=1.16739 val/dfl_loss=0.92455 metrics/precision(B)=0.35600 metrics/recall(B)=0.28811 metrics/mAP50(B)=0.26655 metrics/mAP50-95(B)=0.14898 lr={'lr/pg0': 0.0006221082, 'lr/pg1': 0.0006221082, 'lr/pg2': 0.0006221082}
2026-02-04 14:14:40 | INFO | Epoch 15 END | val/box_loss=1.54815 val/cls_loss=1.15162 val/dfl_loss=0.92874 metrics/precision(B)=0.37979 metrics/recall(B)=0.28382 metrics/mAP50(B)=0.27281 metrics/mAP50-95(B)=0.15262 lr={'lr/pg0': 0.0006150395999999999, 'lr/pg1': 0.0006150395999999999, 'lr/pg2': 0.0006150395999999999}
2026-02-04 14:16:59 | INFO | Epoch 16 END | val/box_loss=1.54148 val/cls_loss=1.15960 val/dfl_loss=0.92981 metrics/precision(B)=0.37060 metrics/recall(B)=0.28032 metrics/mAP50(B)=0.26584 metrics/mAP50-95(B)=0.14951 lr={'lr/pg0': 0.000607971, 'lr/pg1': 0.000607971, 'lr/pg2': 0.000607971}
2026-02-04 14:19:18 | INFO | Epoch 17 END | val/box_loss=1.54416 val/cls_loss=1.15639 val/dfl_loss=0.92535 metrics/precision(B)=0.37327 metrics/recall(B)=0.27885 metrics/mAP50(B)=0.26475 metrics/mAP50-95(B)=0.14841 lr={'lr/pg0': 0.0006009024, 'lr/pg1': 0.0006009024, 'lr/pg2': 0.0006009024}
2026-02-04 14:21:34 | INFO | Epoch 18 END | val/box_loss=1.52997 val/cls_loss=1.13300 val/dfl_loss=0.92092 metrics/precision(B)=0.37723 metrics/recall(B)=0.28300 metrics/mAP50(B)=0.27408 metrics/mAP50-95(B)=0.15500 lr={'lr/pg0': 0.0005938338, 'lr/pg1': 0.0005938338, 'lr/pg2': 0.0005938338}
2026-02-04 14:23:52 | INFO | Epoch 19 END | val/box_loss=1.53434 val/cls_loss=1.11851 val/dfl_loss=0.91960 metrics/precision(B)=0.38536 metrics/recall(B)=0.29884 metrics/mAP50(B)=0.28578 metrics/mAP50-95(B)=0.16027 lr={'lr/pg0': 0.0005867652000000001, 'lr/pg1': 0.0005867652000000001, 'lr/pg2': 0.0005867652000000001}
2026-02-04 14:26:16 | INFO | Epoch 20 END | val/box_loss=1.52815 val/cls_loss=1.12422 val/dfl_loss=0.92104 metrics/precision(B)=0.37148 metrics/recall(B)=0.29499 metrics/mAP50(B)=0.27836 metrics/mAP50-95(B)=0.15677 lr={'lr/pg0': 0.0005796966000000001, 'lr/pg1': 0.0005796966000000001, 'lr/pg2': 0.0005796966000000001}
2026-02-04 14:31:00 | INFO | Epoch 21 END | val/box_loss=1.52493 val/cls_loss=1.11519 val/dfl_loss=0.91487 metrics/precision(B)=0.38521 metrics/recall(B)=0.28785 metrics/mAP50(B)=0.28201 metrics/mAP50-95(B)=0.15925 lr={'lr/pg0': 0.000572628, 'lr/pg1': 0.000572628, 'lr/pg2': 0.000572628}
2026-02-04 14:33:21 | INFO | Epoch 22 END | val/box_loss=1.52883 val/cls_loss=1.12282 val/dfl_loss=0.91563 metrics/precision(B)=0.37442 metrics/recall(B)=0.29084 metrics/mAP50(B)=0.27999 metrics/mAP50-95(B)=0.15767 lr={'lr/pg0': 0.0005655594, 'lr/pg1': 0.0005655594, 'lr/pg2': 0.0005655594}
